<html>
<head>
<title>TestNG:  Learning TestNG</title>
<link href="../testng.css" rel="stylesheet" type="text/css" />
<link href="../my-testng.css" rel="stylesheet" type="text/css" />

<style type="text/css">
.log { display: none;} 
.stack-trace { display: none;} 
</style>
<script type="text/javascript">
<!--
function flip(e) {
  current = e.style.display;
  if (current == 'block') {
    e.style.display = 'none';
    return 0;
  }
  else {
    e.style.display = 'block';
    return 1;
  }
}

function toggleBox(szDivId, elem, msg1, msg2)
{
  var res = -1;  if (document.getElementById) {
    res = flip(document.getElementById(szDivId));
  }
  else if (document.all) {
    // this is the way old msie versions work
    res = flip(document.all[szDivId]);
  }
  if(elem) {
    if(res == 0) elem.innerHTML = msg1; else elem.innerHTML = msg2;
  }

}

function toggleAllBoxes() {
  if (document.getElementsByTagName) {
    d = document.getElementsByTagName('div');
    for (i = 0; i < d.length; i++) {
      if (d[i].className == 'log') {
        flip(d[i]);
      }
    }
  }
}

// -->
</script>

</head>
<body>
<h2 align='center'>Learning TestNG</h2><table border='1' align="center">
<tr>
<td>Tests passed/Failed/Skipped:</td><td>23/2/1</td>
</tr><tr>
<td>Started on:</td><td>Sat Oct 19 15:05:21 BST 2019</td>
</tr>
<tr><td>Total time:</td><td>51 seconds (51863 ms)</td>
</tr><tr>
<td>Included groups:</td><td></td>
</tr><tr>
<td>Excluded groups:</td><td></td>
</tr>
</table><p/>
<small><i>(Hover the method name to see the test class name)</i></small><p/>
<table width='100%' border='1' class='invocation-failed'>
<tr><td colspan='4' align='center'><b>FAILED TESTS</b></td></tr>
<tr><td><b>Test method</b></td>
<td width="30%"><b>Exception</b></td>
<td width="10%"><b>Time (seconds)</b></td>
<td><b>Instance</b></td>
</tr>
<tr>
<td title='LearningTestNG.ExceptionTimeOutTest.infinitLoopTest()'><b>infinitLoopTest</b><br>Test class: LearningTestNG.ExceptionTimeOutTest</td>
<td><div><pre>org.testng.internal.thread.ThreadTimeoutException: Method LearningTestNG.ExceptionTimeOutTest.infinitLoopTest() didn&apos;t finish within the time-out 2000
	at java.base@12.0.2/java.io.FileOutputStream.writeBytes(Native Method)
	at java.base@12.0.2/java.io.FileOutputStream.write(FileOutputStream.java:348)
	at java.base@12.0.2/java.io.BufferedOutputStream.flushBuffer(BufferedOutputStream.java:81)
	at java.base@12.0.2/java.io.BufferedOutputStream.flush(BufferedOutputStream.java:142)
	at java.base@12.0.2/java.io.PrintStream.write(PrintStream.java:561)
	at java.base@12.0.2/sun.nio.cs.StreamEncoder.writeBytes(StreamEncoder.java:233)
	at java.base@12.0.2/sun.nio.cs.StreamEncoder.implFlushBuffer(StreamEncoder.java:312)
	at java.base@12.0.2/sun.nio.cs.StreamEncoder.flushBuffer(StreamEncoder.java:104)
	at java.base@12.0.2/java.io.OutputStreamWriter.flushBuffer(OutputStreamWriter.java:184)
	at java.base@12.0.2/java.io.PrintStream.write(PrintStream.java:606)
	at java.base@12.0.2/java.io.PrintStream.print(PrintStream.java:676)
	at java.base@12.0.2/java.io.PrintStream.println(PrintStream.java:812)
	at app//LearningTestNG.ExceptionTimeOutTest.infinitLoopTest(ExceptionTimeOutTest.java:11)
	at java.base@12.0.2/java.util.concurrent.Executors$RunnableAdapter.call(Executors.java:515)
	at java.base@12.0.2/java.util.concurrent.FutureTask.run(FutureTask.java:264)
	at java.base@12.0.2/java.util.concurrent.ThreadPoolExecutor.runWorker(ThreadPoolExecutor.java:1128)
	at java.base@12.0.2/java.util.concurrent.ThreadPoolExecutor$Worker.run(ThreadPoolExecutor.java:628)
	at java.base@12.0.2/java.lang.Thread.run(Thread.java:835)
... Removed 7 stack frames</pre></div><a href='#' onClick='toggleBox("stack-trace319644606", this, "Click to show all stack frames", "Click to hide stack frames")'>Click to show all stack frames</a>
<div class='stack-trace' id='stack-trace319644606'><pre>org.testng.internal.thread.ThreadTimeoutException: Method LearningTestNG.ExceptionTimeOutTest.infinitLoopTest() didn&apos;t finish within the time-out 2000
	at java.base@12.0.2/java.io.FileOutputStream.writeBytes(Native Method)
	at java.base@12.0.2/java.io.FileOutputStream.write(FileOutputStream.java:348)
	at java.base@12.0.2/java.io.BufferedOutputStream.flushBuffer(BufferedOutputStream.java:81)
	at java.base@12.0.2/java.io.BufferedOutputStream.flush(BufferedOutputStream.java:142)
	at java.base@12.0.2/java.io.PrintStream.write(PrintStream.java:561)
	at java.base@12.0.2/sun.nio.cs.StreamEncoder.writeBytes(StreamEncoder.java:233)
	at java.base@12.0.2/sun.nio.cs.StreamEncoder.implFlushBuffer(StreamEncoder.java:312)
	at java.base@12.0.2/sun.nio.cs.StreamEncoder.flushBuffer(StreamEncoder.java:104)
	at java.base@12.0.2/java.io.OutputStreamWriter.flushBuffer(OutputStreamWriter.java:184)
	at java.base@12.0.2/java.io.PrintStream.write(PrintStream.java:606)
	at java.base@12.0.2/java.io.PrintStream.print(PrintStream.java:676)
	at java.base@12.0.2/java.io.PrintStream.println(PrintStream.java:812)
	at app//LearningTestNG.ExceptionTimeOutTest.infinitLoopTest(ExceptionTimeOutTest.java:11)
	at java.base@12.0.2/jdk.internal.reflect.NativeMethodAccessorImpl.invoke0(Native Method)
	at java.base@12.0.2/jdk.internal.reflect.NativeMethodAccessorImpl.invoke(NativeMethodAccessorImpl.java:62)
	at java.base@12.0.2/jdk.internal.reflect.DelegatingMethodAccessorImpl.invoke(DelegatingMethodAccessorImpl.java:43)
	at java.base@12.0.2/java.lang.reflect.Method.invoke(Method.java:567)
	at app//org.testng.internal.MethodInvocationHelper.invokeMethod(MethodInvocationHelper.java:133)
	at app//org.testng.internal.InvokeMethodRunnable.runOne(InvokeMethodRunnable.java:51)
	at app//org.testng.internal.InvokeMethodRunnable.run(InvokeMethodRunnable.java:41)
	at java.base@12.0.2/java.util.concurrent.Executors$RunnableAdapter.call(Executors.java:515)
	at java.base@12.0.2/java.util.concurrent.FutureTask.run(FutureTask.java:264)
	at java.base@12.0.2/java.util.concurrent.ThreadPoolExecutor.runWorker(ThreadPoolExecutor.java:1128)
	at java.base@12.0.2/java.util.concurrent.ThreadPoolExecutor$Worker.run(ThreadPoolExecutor.java:628)
	at java.base@12.0.2/java.lang.Thread.run(Thread.java:835)
</pre></div></td>
<td>2</td>
<td>LearningTestNG.ExceptionTimeOutTest@233fe9b6</td></tr>
<tr>
<td title='LearningTestNG.TestNgFeatures.test1()'><b>test1</b><br>Test class: LearningTestNG.TestNgFeatures</td>
<td><div><pre>java.lang.ArithmeticException: / by zero
	at LearningTestNG.TestNgFeatures.test1(TestNgFeatures.java:10)
	at java.base/java.util.ArrayList.forEach(ArrayList.java:1540)
... Removed 27 stack frames</pre></div><a href='#' onClick='toggleBox("stack-trace368153528", this, "Click to show all stack frames", "Click to hide stack frames")'>Click to show all stack frames</a>
<div class='stack-trace' id='stack-trace368153528'><pre>java.lang.ArithmeticException: / by zero
	at LearningTestNG.TestNgFeatures.test1(TestNgFeatures.java:10)
	at java.base/jdk.internal.reflect.NativeMethodAccessorImpl.invoke0(Native Method)
	at java.base/jdk.internal.reflect.NativeMethodAccessorImpl.invoke(NativeMethodAccessorImpl.java:62)
	at java.base/jdk.internal.reflect.DelegatingMethodAccessorImpl.invoke(DelegatingMethodAccessorImpl.java:43)
	at java.base/java.lang.reflect.Method.invoke(Method.java:567)
	at org.testng.internal.MethodInvocationHelper.invokeMethod(MethodInvocationHelper.java:133)
	at org.testng.internal.TestInvoker.invokeMethod(TestInvoker.java:584)
	at org.testng.internal.TestInvoker.invokeTestMethod(TestInvoker.java:172)
	at org.testng.internal.MethodRunner.runInSequence(MethodRunner.java:46)
	at org.testng.internal.TestInvoker$MethodInvocationAgent.invoke(TestInvoker.java:804)
	at org.testng.internal.TestInvoker.invokeTestMethods(TestInvoker.java:145)
	at org.testng.internal.TestMethodWorker.invokeTestMethods(TestMethodWorker.java:146)
	at org.testng.internal.TestMethodWorker.run(TestMethodWorker.java:128)
	at java.base/java.util.ArrayList.forEach(ArrayList.java:1540)
	at org.testng.TestRunner.privateRun(TestRunner.java:770)
	at org.testng.TestRunner.run(TestRunner.java:591)
	at org.testng.SuiteRunner.runTest(SuiteRunner.java:402)
	at org.testng.SuiteRunner.runSequentially(SuiteRunner.java:396)
	at org.testng.SuiteRunner.privateRun(SuiteRunner.java:355)
	at org.testng.SuiteRunner.run(SuiteRunner.java:304)
	at org.testng.SuiteRunnerWorker.runSuite(SuiteRunnerWorker.java:53)
	at org.testng.SuiteRunnerWorker.run(SuiteRunnerWorker.java:96)
	at org.testng.TestNG.runSuitesSequentially(TestNG.java:1180)
	at org.testng.TestNG.runSuitesLocally(TestNG.java:1102)
	at org.testng.TestNG.runSuites(TestNG.java:1032)
	at org.testng.TestNG.run(TestNG.java:1000)
	at org.testng.remote.AbstractRemoteTestNG.run(AbstractRemoteTestNG.java:115)
	at org.testng.remote.RemoteTestNG.initAndRun(RemoteTestNG.java:251)
	at org.testng.remote.RemoteTestNG.main(RemoteTestNG.java:77)
</pre></div></td>
<td>0</td>
<td>LearningTestNG.TestNgFeatures@3c72f59f</td></tr>
</table><p>
<table width='100%' border='1' class='invocation-passed'>
<tr><td colspan='4' align='center'><b>PASSED TESTS</b></td></tr>
<tr><td><b>Test method</b></td>
<td width="30%"><b>Exception</b></td>
<td width="10%"><b>Time (seconds)</b></td>
<td><b>Instance</b></td>
</tr>
<tr>
<td title='LearningTestNG.GoogleTest.gmailLinkTest()'><b>gmailLinkTest</b><br>Test class: LearningTestNG.GoogleTest</td>
<td></td>
<td>0</td>
<td>LearningTestNG.GoogleTest@38c5cc4c</td></tr>
<tr>
<td title='LearningTestNG.GoogleTest.googleLogoTest()'><b>googleLogoTest</b><br>Test class: LearningTestNG.GoogleTest</td>
<td></td>
<td>0</td>
<td>LearningTestNG.GoogleTest@38c5cc4c</td></tr>
<tr>
<td title='LearningTestNG.GoogleTitleTest.googleLogoTest()'><b>googleLogoTest</b><br>Test class: LearningTestNG.GoogleTitleTest</td>
<td></td>
<td>0</td>
<td>LearningTestNG.GoogleTitleTest@37918c79</td></tr>
<tr>
<td title='LearningTestNG.TestNgBasics.googleLogoTest()'><b>googleLogoTest</b><br>Test class: LearningTestNG.TestNgBasics</td>
<td></td>
<td>0</td>
<td>LearningTestNG.TestNgBasics@78e94dcf</td></tr>
<tr>
<td title='LearningTestNG.TestNgBasics.googleTitleMethod()'><b>googleTitleMethod</b><br>Test class: LearningTestNG.TestNgBasics</td>
<td></td>
<td>0</td>
<td>LearningTestNG.TestNgBasics@78e94dcf</td></tr>
<tr>
<td title='LearningTestNG.GoogleTest.googleTitleTest()'><b>googleTitleTest</b><br>Test class: LearningTestNG.GoogleTest</td>
<td></td>
<td>0</td>
<td>LearningTestNG.GoogleTest@38c5cc4c</td></tr>
<tr>
<td title='LearningTestNG.GoogleTitleTest.googleTitleTest()'><b>googleTitleTest</b><br>Test class: LearningTestNG.GoogleTitleTest</td>
<td></td>
<td>0</td>
<td>LearningTestNG.GoogleTitleTest@37918c79</td></tr>
<tr>
<td title='LearningTestNG.GoogleTest.imagesLinkTest()'><b>imagesLinkTest</b><br>Test class: LearningTestNG.GoogleTest</td>
<td></td>
<td>0</td>
<td>LearningTestNG.GoogleTest@38c5cc4c</td></tr>
<tr>
<td title='LearningTestNG.TestNgBasics.searchTest()'><b>searchTest</b><br>Test class: LearningTestNG.TestNgBasics</td>
<td></td>
<td>0</td>
<td>LearningTestNG.TestNgBasics@78e94dcf</td></tr>
<tr>
<td title='LearningTestNG.GoogleTest.storeLinkTest()'><b>storeLinkTest</b><br>Test class: LearningTestNG.GoogleTest</td>
<td></td>
<td>0</td>
<td>LearningTestNG.GoogleTest@38c5cc4c</td></tr>
<tr>
<td title='LearningTestNG.InvocationCountTest.sum()'><b>sum</b><br>Test class: LearningTestNG.InvocationCountTest</td>
<td></td>
<td>0</td>
<td>LearningTestNG.InvocationCountTest@ec756bd</td></tr>
<tr>
<td title='LearningTestNG.InvocationCountTest.sum()'><b>sum</b><br>Test class: LearningTestNG.InvocationCountTest</td>
<td></td>
<td>0</td>
<td>LearningTestNG.InvocationCountTest@ec756bd</td></tr>
<tr>
<td title='LearningTestNG.InvocationCountTest.sum()'><b>sum</b><br>Test class: LearningTestNG.InvocationCountTest</td>
<td></td>
<td>0</td>
<td>LearningTestNG.InvocationCountTest@ec756bd</td></tr>
<tr>
<td title='LearningTestNG.InvocationCountTest.sum()'><b>sum</b><br>Test class: LearningTestNG.InvocationCountTest</td>
<td></td>
<td>0</td>
<td>LearningTestNG.InvocationCountTest@ec756bd</td></tr>
<tr>
<td title='LearningTestNG.InvocationCountTest.sum()'><b>sum</b><br>Test class: LearningTestNG.InvocationCountTest</td>
<td></td>
<td>0</td>
<td>LearningTestNG.InvocationCountTest@ec756bd</td></tr>
<tr>
<td title='LearningTestNG.InvocationCountTest.sum()'><b>sum</b><br>Test class: LearningTestNG.InvocationCountTest</td>
<td></td>
<td>0</td>
<td>LearningTestNG.InvocationCountTest@ec756bd</td></tr>
<tr>
<td title='LearningTestNG.InvocationCountTest.sum()'><b>sum</b><br>Test class: LearningTestNG.InvocationCountTest</td>
<td></td>
<td>0</td>
<td>LearningTestNG.InvocationCountTest@ec756bd</td></tr>
<tr>
<td title='LearningTestNG.InvocationCountTest.sum()'><b>sum</b><br>Test class: LearningTestNG.InvocationCountTest</td>
<td></td>
<td>0</td>
<td>LearningTestNG.InvocationCountTest@ec756bd</td></tr>
<tr>
<td title='LearningTestNG.InvocationCountTest.sum()'><b>sum</b><br>Test class: LearningTestNG.InvocationCountTest</td>
<td></td>
<td>0</td>
<td>LearningTestNG.InvocationCountTest@ec756bd</td></tr>
<tr>
<td title='LearningTestNG.InvocationCountTest.sum()'><b>sum</b><br>Test class: LearningTestNG.InvocationCountTest</td>
<td></td>
<td>0</td>
<td>LearningTestNG.InvocationCountTest@ec756bd</td></tr>
<tr>
<td title='LearningTestNG.ExpectedExceptionTest.test1()'><b>test1</b><br>Test class: LearningTestNG.ExpectedExceptionTest</td>
<td><div><pre>java.lang.NumberFormatException: For input string: &quot;100A&quot;
	at java.base/java.lang.NumberFormatException.forInputString(NumberFormatException.java:68)
	at java.base/java.lang.Integer.parseInt(Integer.java:658)
	at java.base/java.lang.Integer.parseInt(Integer.java:776)
	at LearningTestNG.ExpectedExceptionTest.test1(ExpectedExceptionTest.java:10)
	at java.base/java.util.ArrayList.forEach(ArrayList.java:1540)
... Removed 27 stack frames</pre></div><a href='#' onClick='toggleBox("stack-trace1438030319", this, "Click to show all stack frames", "Click to hide stack frames")'>Click to show all stack frames</a>
<div class='stack-trace' id='stack-trace1438030319'><pre>java.lang.NumberFormatException: For input string: &quot;100A&quot;
	at java.base/java.lang.NumberFormatException.forInputString(NumberFormatException.java:68)
	at java.base/java.lang.Integer.parseInt(Integer.java:658)
	at java.base/java.lang.Integer.parseInt(Integer.java:776)
	at LearningTestNG.ExpectedExceptionTest.test1(ExpectedExceptionTest.java:10)
	at java.base/jdk.internal.reflect.NativeMethodAccessorImpl.invoke0(Native Method)
	at java.base/jdk.internal.reflect.NativeMethodAccessorImpl.invoke(NativeMethodAccessorImpl.java:62)
	at java.base/jdk.internal.reflect.DelegatingMethodAccessorImpl.invoke(DelegatingMethodAccessorImpl.java:43)
	at java.base/java.lang.reflect.Method.invoke(Method.java:567)
	at org.testng.internal.MethodInvocationHelper.invokeMethod(MethodInvocationHelper.java:133)
	at org.testng.internal.TestInvoker.invokeMethod(TestInvoker.java:584)
	at org.testng.internal.TestInvoker.invokeTestMethod(TestInvoker.java:172)
	at org.testng.internal.MethodRunner.runInSequence(MethodRunner.java:46)
	at org.testng.internal.TestInvoker$MethodInvocationAgent.invoke(TestInvoker.java:804)
	at org.testng.internal.TestInvoker.invokeTestMethods(TestInvoker.java:145)
	at org.testng.internal.TestMethodWorker.invokeTestMethods(TestMethodWorker.java:146)
	at org.testng.internal.TestMethodWorker.run(TestMethodWorker.java:128)
	at java.base/java.util.ArrayList.forEach(ArrayList.java:1540)
	at org.testng.TestRunner.privateRun(TestRunner.java:770)
	at org.testng.TestRunner.run(TestRunner.java:591)
	at org.testng.SuiteRunner.runTest(SuiteRunner.java:402)
	at org.testng.SuiteRunner.runSequentially(SuiteRunner.java:396)
	at org.testng.SuiteRunner.privateRun(SuiteRunner.java:355)
	at org.testng.SuiteRunner.run(SuiteRunner.java:304)
	at org.testng.SuiteRunnerWorker.runSuite(SuiteRunnerWorker.java:53)
	at org.testng.SuiteRunnerWorker.run(SuiteRunnerWorker.java:96)
	at org.testng.TestNG.runSuitesSequentially(TestNG.java:1180)
	at org.testng.TestNG.runSuitesLocally(TestNG.java:1102)
	at org.testng.TestNG.runSuites(TestNG.java:1032)
	at org.testng.TestNG.run(TestNG.java:1000)
	at org.testng.remote.AbstractRemoteTestNG.run(AbstractRemoteTestNG.java:115)
	at org.testng.remote.RemoteTestNG.initAndRun(RemoteTestNG.java:251)
	at org.testng.remote.RemoteTestNG.main(RemoteTestNG.java:77)
</pre></div></td>
<td>0</td>
<td>LearningTestNG.ExpectedExceptionTest@358ee631</td></tr>
<tr>
<td title='LearningTestNG.TestNgFeatures.test3()'><b>test3</b><br>Test class: LearningTestNG.TestNgFeatures</td>
<td></td>
<td>0</td>
<td>LearningTestNG.TestNgFeatures@3c72f59f</td></tr>
<tr>
<td title='LearningTestNG.TestNgFeatures.test4()'><b>test4</b><br>Test class: LearningTestNG.TestNgFeatures</td>
<td></td>
<td>0</td>
<td>LearningTestNG.TestNgFeatures@3c72f59f</td></tr>
</table><p>
<table width='100%' border='1' class='invocation-skipped'>
<tr><td colspan='4' align='center'><b>SKIPPED TESTS</b></td></tr>
<tr><td><b>Test method</b></td>
<td width="30%"><b>Exception</b></td>
<td width="10%"><b>Time (seconds)</b></td>
<td><b>Instance</b></td>
</tr>
<tr>
<td title='LearningTestNG.TestNgFeatures.test2()'><b>test2</b><br>Test class: LearningTestNG.TestNgFeatures</td>
<td><div><pre>java.lang.Throwable: Method TestNgFeatures.test2()[pri:0, instance:LearningTestNG.TestNgFeatures@3c72f59f] depends on not successfully finished methods
	at java.base/java.util.ArrayList.forEach(ArrayList.java:1540)
... Removed 18 stack frames</pre></div><a href='#' onClick='toggleBox("stack-trace810196347", this, "Click to show all stack frames", "Click to hide stack frames")'>Click to show all stack frames</a>
<div class='stack-trace' id='stack-trace810196347'><pre>java.lang.Throwable: Method TestNgFeatures.test2()[pri:0, instance:LearningTestNG.TestNgFeatures@3c72f59f] depends on not successfully finished methods
	at org.testng.internal.TestInvoker.invokeTestMethods(TestInvoker.java:99)
	at org.testng.internal.TestMethodWorker.invokeTestMethods(TestMethodWorker.java:146)
	at org.testng.internal.TestMethodWorker.run(TestMethodWorker.java:128)
	at java.base/java.util.ArrayList.forEach(ArrayList.java:1540)
	at org.testng.TestRunner.privateRun(TestRunner.java:770)
	at org.testng.TestRunner.run(TestRunner.java:591)
	at org.testng.SuiteRunner.runTest(SuiteRunner.java:402)
	at org.testng.SuiteRunner.runSequentially(SuiteRunner.java:396)
	at org.testng.SuiteRunner.privateRun(SuiteRunner.java:355)
	at org.testng.SuiteRunner.run(SuiteRunner.java:304)
	at org.testng.SuiteRunnerWorker.runSuite(SuiteRunnerWorker.java:53)
	at org.testng.SuiteRunnerWorker.run(SuiteRunnerWorker.java:96)
	at org.testng.TestNG.runSuitesSequentially(TestNG.java:1180)
	at org.testng.TestNG.runSuitesLocally(TestNG.java:1102)
	at org.testng.TestNG.runSuites(TestNG.java:1032)
	at org.testng.TestNG.run(TestNG.java:1000)
	at org.testng.remote.AbstractRemoteTestNG.run(AbstractRemoteTestNG.java:115)
	at org.testng.remote.RemoteTestNG.initAndRun(RemoteTestNG.java:251)
	at org.testng.remote.RemoteTestNG.main(RemoteTestNG.java:77)
</pre></div></td>
<td>0</td>
<td>LearningTestNG.TestNgFeatures@3c72f59f</td></tr>
</table><p>
</body>
</html>