<?xml version="1.0" encoding="UTF-8"?>
<!-- Generated by org.testng.reporters.JUnitXMLReporter -->
<testsuite ignored="0" hostname="Shantha-HP-Laptop" failures="2" tests="26" name="Learning TestNG" time="51.863" errors="0" timestamp="2019-10-19T15:06:13 BST">
  <testcase classname="LearningTestNG.ExceptionTimeOutTest" name="infinitLoopTest" time="2.039">
    <failure type="org.testng.internal.thread.ThreadTimeoutException" message="Method LearningTestNG.ExceptionTimeOutTest.infinitLoopTest() didn&amp;apos;t finish within the time-out 2000">
      <![CDATA[org.testng.internal.thread.ThreadTimeoutException: Method LearningTestNG.ExceptionTimeOutTest.infinitLoopTest() didn't finish within the time-out 2000
at java.base@12.0.2/java.io.FileOutputStream.writeBytes(Native Method)
at java.base@12.0.2/java.io.FileOutputStream.write(FileOutputStream.java:348)
at java.base@12.0.2/java.io.BufferedOutputStream.flushBuffer(BufferedOutputStream.java:81)
at java.base@12.0.2/java.io.BufferedOutputStream.flush(BufferedOutputStream.java:142)
at java.base@12.0.2/java.io.PrintStream.write(PrintStream.java:561)
at java.base@12.0.2/sun.nio.cs.StreamEncoder.writeBytes(StreamEncoder.java:233)
at java.base@12.0.2/sun.nio.cs.StreamEncoder.implFlushBuffer(StreamEncoder.java:312)
at java.base@12.0.2/sun.nio.cs.StreamEncoder.flushBuffer(StreamEncoder.java:104)
at java.base@12.0.2/java.io.OutputStreamWriter.flushBuffer(OutputStreamWriter.java:184)
at java.base@12.0.2/java.io.PrintStream.write(PrintStream.java:606)
at java.base@12.0.2/java.io.PrintStream.print(PrintStream.java:676)
at java.base@12.0.2/java.io.PrintStream.println(PrintStream.java:812)
at app//LearningTestNG.ExceptionTimeOutTest.infinitLoopTest(ExceptionTimeOutTest.java:11)
at java.base@12.0.2/java.util.concurrent.Executors$RunnableAdapter.call(Executors.java:515)
at java.base@12.0.2/java.util.concurrent.FutureTask.run(FutureTask.java:264)
at java.base@12.0.2/java.util.concurrent.ThreadPoolExecutor.runWorker(ThreadPoolExecutor.java:1128)
at java.base@12.0.2/java.util.concurrent.ThreadPoolExecutor$Worker.run(ThreadPoolExecutor.java:628)
at java.base@12.0.2/java.lang.Thread.run(Thread.java:835)
... Removed 7 stack frames]]>
    </failure>
  </testcase> <!-- infinitLoopTest -->
  <testcase classname="LearningTestNG.ExpectedExceptionTest" name="test1" time="0.009"/>
  <testcase classname="LearningTestNG.GoogleTest" name="googleLogoTest" time="0.153"/>
  <testcase classname="LearningTestNG.GoogleTest" name="googleTitleTest" time="0.068"/>
  <testcase classname="LearningTestNG.GoogleTest" name="gmailLinkTest" time="0.108"/>
  <testcase classname="LearningTestNG.GoogleTest" name="storeLinkTest" time="0.116"/>
  <testcase classname="LearningTestNG.GoogleTest" name="imagesLinkTest" time="0.119"/>
  <testcase classname="LearningTestNG.GoogleTitleTest" name="googleLogoTest" time="0.103"/>
  <testcase classname="LearningTestNG.GoogleTitleTest" name="googleTitleTest" time="0.029"/>
  <testcase classname="LearningTestNG.InvocationCountTest" name="sum" time="0.005"/>
  <testcase classname="LearningTestNG.InvocationCountTest" name="sum" time="0.002"/>
  <testcase classname="LearningTestNG.InvocationCountTest" name="sum" time="0.001"/>
  <testcase classname="LearningTestNG.InvocationCountTest" name="sum" time="0.001"/>
  <testcase classname="LearningTestNG.InvocationCountTest" name="sum" time="0.009"/>
  <testcase classname="LearningTestNG.InvocationCountTest" name="sum" time="0.013"/>
  <testcase classname="LearningTestNG.InvocationCountTest" name="sum" time="0.003"/>
  <testcase classname="LearningTestNG.InvocationCountTest" name="sum" time="0.013"/>
  <testcase classname="LearningTestNG.InvocationCountTest" name="sum" time="0.009"/>
  <testcase classname="LearningTestNG.InvocationCountTest" name="sum" time="0.008"/>
  <testcase classname="LearningTestNG.TestNgBasics" name="googleLogoTest" time="0.003"/>
  <testcase classname="LearningTestNG.TestNgBasics" name="googleTitleMethod" time="0.008"/>
  <testcase classname="LearningTestNG.TestNgBasics" name="searchTest" time="0.002"/>
  <testcase classname="LearningTestNG.TestNgFeatures" name="test1" time="0.002">
    <failure type="java.lang.ArithmeticException" message="/ by zero">
      <![CDATA[java.lang.ArithmeticException: / by zero
at LearningTestNG.TestNgFeatures.test1(TestNgFeatures.java:10)
at java.base/java.util.ArrayList.forEach(ArrayList.java:1540)
... Removed 27 stack frames]]>
    </failure>
  </testcase> <!-- test1 -->
  <testcase classname="LearningTestNG.TestNgFeatures" name="test2" time="0.0">
    <skipped/>
  </testcase> <!-- test2 -->
  <testcase classname="LearningTestNG.TestNgFeatures" name="test4" time="0.026"/>
  <testcase classname="LearningTestNG.TestNgFeatures" name="test3" time="0.002"/>
</testsuite> <!-- Learning TestNG -->
