<?xml version="1.0" encoding="UTF-8"?>
<!-- Generated by org.testng.reporters.JUnitXMLReporter -->
<testsuite ignored="0" hostname="Shantha-HP-Laptop" failures="1" tests="15" name="Learning POM structure" time="245.696" errors="0" timestamp="2019-10-22T15:04:09 BST">
  <testcase classname="com.crm.qa.testsuite.ContactsPageTest" name="createNewContactTest" time="8.483"/>
  <testcase classname="com.crm.qa.testsuite.ContactsPageTest" name="createNewContactTest" time="8.465"/>
  <testcase classname="com.crm.qa.testsuite.ContactsPageTest" name="createNewContactTest" time="7.882"/>
  <testcase classname="com.crm.qa.testsuite.ContactsPageTest" name="createNewContactTest" time="7.754"/>
  <testcase classname="com.crm.qa.testsuite.ContactsPageTest" name="createNewContactTest" time="7.49"/>
  <testcase classname="com.crm.qa.testsuite.ContactsPageTest" name="createNewContactTest" time="8.241"/>
  <testcase classname="com.crm.qa.testsuite.ContactsPageTest" name="createNewContactTest" time="8.023"/>
  <testcase classname="com.crm.qa.testsuite.HomePageTest" name="verifyClickOnContactsLinkTest" time="1.504"/>
  <testcase classname="com.crm.qa.testsuite.HomePageTest" name="verifyClickOnDealsLinkTest" time="2.046"/>
  <testcase classname="com.crm.qa.testsuite.HomePageTest" name="verifyClickOnTasksLinkTest" time="1.675"/>
  <testcase classname="com.crm.qa.testsuite.HomePageTest" name="verifyHomePageTitleTest" time="0.009"/>
  <testcase classname="com.crm.qa.testsuite.HomePageTest" name="verifyUserDisplayNameTest" time="0.985"/>
  <testcase classname="com.crm.qa.testsuite.LoginPageTest" name="forgottenPasswordLinkTest" time="40.452">
    <failure type="org.openqa.selenium.NoSuchElementException" message="no such element: Unable to locate element: {&amp;quot;method&amp;quot;:&amp;quot;link text&amp;quot;,&amp;quot;selector&amp;quot;:&amp;quot;fail&amp;quot;}
  (Session info: chrome=77.0.3865.120)
For documentation on this error, please visit: https://www.seleniumhq.org/exceptions/no_such_element.html
Build info: version: &amp;apos;3.141.59&amp;apos;, revision: &amp;apos;e82be7d358&amp;apos;, time: &amp;apos;2018-11-14T08:17:03&amp;apos;
System info: host: &amp;apos;SHANTHA-HP-LAPT&amp;apos;, ip: &amp;apos;192.168.1.77&amp;apos;, os.name: &amp;apos;Windows 10&amp;apos;, os.arch: &amp;apos;amd64&amp;apos;, os.version: &amp;apos;10.0&amp;apos;, java.version: &amp;apos;12.0.2&amp;apos;
Driver info: org.openqa.selenium.chrome.ChromeDriver
Capabilities {acceptInsecureCerts: false, browserName: chrome, browserVersion: 77.0.3865.120, chrome: {chromedriverVersion: 77.0.3865.40 (f484704e052e0..., userDataDir: C:\Users\Murali\AppData\Loc...}, goog:chromeOptions: {debuggerAddress: localhost:49343}, javascriptEnabled: true, networkConnectionEnabled: false, pageLoadStrategy: normal, platform: XP, platformName: XP, proxy: Proxy(), setWindowRect: true, strictFileInteractability: false, timeouts: {implicit: 0, pageLoad: 300000, script: 30000}, unhandledPromptBehavior: dismiss and notify}
Session ID: cf4a8a4b67e0d8149faf2b6bceeaf5f8
*** Element info: {Using=link text, value=fail}">
      <![CDATA[org.openqa.selenium.NoSuchElementException: no such element: Unable to locate element: {"method":"link text","selector":"fail"}
  (Session info: chrome=77.0.3865.120)
For documentation on this error, please visit: https://www.seleniumhq.org/exceptions/no_such_element.html
Build info: version: '3.141.59', revision: 'e82be7d358', time: '2018-11-14T08:17:03'
System info: host: 'SHANTHA-HP-LAPT', ip: '192.168.1.77', os.name: 'Windows 10', os.arch: 'amd64', os.version: '10.0', java.version: '12.0.2'
Driver info: org.openqa.selenium.chrome.ChromeDriver
Capabilities {acceptInsecureCerts: false, browserName: chrome, browserVersion: 77.0.3865.120, chrome: {chromedriverVersion: 77.0.3865.40 (f484704e052e0..., userDataDir: C:\Users\Murali\AppData\Loc...}, goog:chromeOptions: {debuggerAddress: localhost:49343}, javascriptEnabled: true, networkConnectionEnabled: false, pageLoadStrategy: normal, platform: XP, platformName: XP, proxy: Proxy(), setWindowRect: true, strictFileInteractability: false, timeouts: {implicit: 0, pageLoad: 300000, script: 30000}, unhandledPromptBehavior: dismiss and notify}
Session ID: cf4a8a4b67e0d8149faf2b6bceeaf5f8
*** Element info: {Using=link text, value=fail}
at org.openqa.selenium.remote.http.W3CHttpResponseCodec.createException(W3CHttpResponseCodec.java:187)
at org.openqa.selenium.remote.http.W3CHttpResponseCodec.decode(W3CHttpResponseCodec.java:122)
at org.openqa.selenium.remote.http.W3CHttpResponseCodec.decode(W3CHttpResponseCodec.java:49)
at org.openqa.selenium.remote.HttpCommandExecutor.execute(HttpCommandExecutor.java:158)
at org.openqa.selenium.remote.service.DriverCommandExecutor.execute(DriverCommandExecutor.java:83)
at org.openqa.selenium.remote.RemoteWebDriver.execute(RemoteWebDriver.java:552)
at org.openqa.selenium.remote.RemoteWebDriver.findElement(RemoteWebDriver.java:323)
at org.openqa.selenium.remote.RemoteWebDriver.findElementByLinkText(RemoteWebDriver.java:380)
at org.openqa.selenium.By$ByLinkText.findElement(By.java:220)
at org.openqa.selenium.remote.RemoteWebDriver.findElement(RemoteWebDriver.java:315)
at org.openqa.selenium.support.events.EventFiringWebDriver.lambda$new$1(EventFiringWebDriver.java:105)
at com.sun.proxy.$Proxy13.findElement(Unknown Source)
at org.openqa.selenium.support.events.EventFiringWebDriver.findElement(EventFiringWebDriver.java:194)
at org.openqa.selenium.support.pagefactory.DefaultElementLocator.findElement(DefaultElementLocator.java:69)
at org.openqa.selenium.support.pagefactory.internal.LocatingElementHandler.invoke(LocatingElementHandler.java:38)
at com.sun.proxy.$Proxy17.isDisplayed(Unknown Source)
at com.crm.qa.pages.LoginPage.validateForgotYourPasswordLink(LoginPage.java:38)
at com.crm.qa.testsuite.LoginPageTest.forgottenPasswordLinkTest(LoginPageTest.java:47)
at java.base/java.util.ArrayList.forEach(ArrayList.java:1540)
... Removed 35 stack frames]]>
    </failure>
  </testcase> <!-- forgottenPasswordLinkTest -->
  <testcase classname="com.crm.qa.testsuite.LoginPageTest" name="loginPageTitleTest" time="0.012"/>
  <testcase classname="com.crm.qa.testsuite.LoginPageTest" name="submitLoginTest" time="0.422"/>
</testsuite> <!-- Learning POM structure -->
